# JRE version: OpenJDK Runtime Environment Temurin-21.0.10+7 (21.0.10+7) (build 21.0.10+7-LTS)
# Java VM: OpenJDK 64-Bit Server VM Temurin-21.0.10+7 (21.0.10+7-LTS, mixed mode, sharing, tiered, compressed oops, compressed class ptrs, parallel gc, windows-amd64)
GC Precious Log:
 CardTable entry size: 512
 CPUs: 4 total, 4 available
 Memory: 16265M
 Large Page Support: Disabled
 NUMA Support: Disabled
 Compressed Oops: Enabled (32-bit)
 Alignments: Space 512K, Generation 512K, Heap 2M
 Heap Min Capacity: 100M
 Heap Initial Capacity: 100M
 Heap Max Capacity: 2G
 Pre-touch: Disabled
 Parallel Workers: 4
Heap:
 PSYoungGen      total 11776K, used 4835K [0x00000000d5580000, 0x00000000d6280000, 0x0000000100000000)
  eden space 10240K, 35% used [0x00000000d5580000,0x00000000d5906dd0,0x00000000d5f80000)
  from space 1536K, 79% used [0x00000000d6100000,0x00000000d6232148,0x00000000d6280000)
  to   space 1536K, 0% used [0x00000000d5f80000,0x00000000d5f80000,0x00000000d6100000)
 ParOldGen       total 69632K, used 61171K [0x0000000080000000, 0x0000000084400000, 0x00000000d5580000)
  object space 69632K, 87% used [0x0000000080000000,0x0000000083bbcf38,0x0000000084400000)
 Metaspace       used 59836K, committed 61120K, reserved 1114112K
  class space    used 6304K, committed 6848K, reserved 1048576K
GC Heap History (20 events):
Event: 12261.205 GC heap before
{Heap before GC invocations=94 (full 3):
 PSYoungGen      total 11776K, used 11311K [0x00000000d5580000, 0x00000000d6200000, 0x0000000100000000)
  eden space 10752K, 100% used [0x00000000d5580000,0x00000000d6000000,0x00000000d6000000)
  from space 1024K, 54% used [0x00000000d6100000,0x00000000d618bd70,0x00000000d6200000)
  to   space 1024K, 0% used [0x00000000d6000000,0x00000000d6000000,0x00000000d6100000)
 ParOldGen       total 69632K, used 53821K [0x0000000080000000, 0x0000000084400000, 0x00000000d5580000)
  object space 69632K, 77% used [0x0000000080000000,0x000000008348f520,0x0000000084400000)
 Metaspace       used 58335K, committed 59904K, reserved 1114112K
  class space    used 6129K, committed 6784K, reserved 1048576K
}
Event: 12261.208 GC heap after
{Heap after GC invocations=94 (full 3):
 PSYoungGen      total 11776K, used 407K [0x00000000d5580000, 0x00000000d6180000, 0x0000000100000000)
  eden space 10752K, 0% used [0x00000000d5580000,0x00000000d5580000,0x00000000d6000000)
  from space 1024K, 39% used [0x00000000d6000000,0x00000000d6065ce0,0x00000000d6100000)
  to   space 512K, 0% used [0x00000000d6100000,0x00000000d6100000,0x00000000d6180000)
 ParOldGen       total 69632K, used 54318K [0x0000000080000000, 0x0000000084400000, 0x00000000d5580000)
  object space 69632K, 78% used [0x0000000080000000,0x000000008350b908,0x0000000084400000)
 Metaspace       used 58335K, committed 59904K, reserved 1114112K
  class space    used 6129K, committed 6784K, reserved 1048576K
}
Event: 12261.260 GC heap before
{Heap before GC invocations=95 (full 3):
 PSYoungGen      total 11776K, used 11159K [0x00000000d5580000, 0x00000000d6180000, 0x0000000100000000)
  eden space 10752K, 100% used [0x00000000d5580000,0x00000000d6000000,0x00000000d6000000)
  from space 1024K, 39% used [0x00000000d6000000,0x00000000d6065ce0,0x00000000d6100000)
  to   space 512K, 0% used [0x00000000d6100000,0x00000000d6100000,0x00000000d6180000)
 ParOldGen       total 69632K, used 54318K [0x0000000080000000, 0x0000000084400000, 0x00000000d5580000)
  object space 69632K, 78% used [0x0000000080000000,0x000000008350b908,0x0000000084400000)
 Metaspace       used 58336K, committed 59904K, reserved 1114112K
  class space    used 6129K, committed 6784K, reserved 1048576K
}
Event: 12261.264 GC heap after
{Heap after GC invocations=95 (full 3):
 PSYoungGen      total 10752K, used 484K [0x00000000d5580000, 0x00000000d6300000, 0x0000000100000000)
  eden space 10240K, 0% used [0x00000000d5580000,0x00000000d5580000,0x00000000d5f80000)
  from space 512K, 94% used [0x00000000d6100000,0x00000000d61793e8,0x00000000d6180000)
  to   space 1536K, 0% used [0x00000000d5f80000,0x00000000d5f80000,0x00000000d6100000)
 ParOldGen       total 69632K, used 54854K [0x0000000080000000, 0x0000000084400000, 0x00000000d5580000)
  object space 69632K, 78% used [0x0000000080000000,0x00000000835919b8,0x0000000084400000)
 Metaspace       used 58336K, committed 59904K, reserved 1114112K
  class space    used 6129K, committed 6784K, reserved 1048576K
}
Event: 12261.306 GC heap before
{Heap before GC invocations=96 (full 3):
 PSYoungGen      total 10752K, used 10724K [0x00000000d5580000, 0x00000000d6300000, 0x0000000100000000)
  eden space 10240K, 100% used [0x00000000d5580000,0x00000000d5f80000,0x00000000d5f80000)
  from space 512K, 94% used [0x00000000d6100000,0x00000000d61793e8,0x00000000d6180000)
  to   space 1536K, 0% used [0x00000000d5f80000,0x00000000d5f80000,0x00000000d6100000)
 ParOldGen       total 69632K, used 54854K [0x0000000080000000, 0x0000000084400000, 0x00000000d5580000)
  object space 69632K, 78% used [0x0000000080000000,0x00000000835919b8,0x0000000084400000)
 Metaspace       used 58336K, committed 59904K, reserved 1114112K
  class space    used 6129K, committed 6784K, reserved 1048576K
}
Event: 12261.309 GC heap after
{Heap after GC invocations=96 (full 3):
 PSYoungGen      total 11264K, used 566K [0x00000000d5580000, 0x00000000d6180000, 0x0000000100000000)
  eden space 10240K, 0% used [0x00000000d5580000,0x00000000d5580000,0x00000000d5f80000)
  from space 1024K, 55% used [0x00000000d5f80000,0x00000000d600db30,0x00000000d6080000)
  to   space 1024K, 0% used [0x00000000d6080000,0x00000000d6080000,0x00000000d6180000)
 ParOldGen       total 69632K, used 55336K [0x0000000080000000, 0x0000000084400000, 0x00000000d5580000)
  object space 69632K, 79% used [0x0000000080000000,0x000000008360a1a0,0x0000000084400000)
 Metaspace       used 58336K, committed 59904K, reserved 1114112K
  class space    used 6129K, committed 6784K, reserved 1048576K
}
Event: 12261.369 GC heap before
{Heap before GC invocations=97 (full 3):
 PSYoungGen      total 11264K, used 10806K [0x00000000d5580000, 0x00000000d6180000, 0x0000000100000000)
  eden space 10240K, 100% used [0x00000000d5580000,0x00000000d5f80000,0x00000000d5f80000)
  from space 1024K, 55% used [0x00000000d5f80000,0x00000000d600db30,0x00000000d6080000)
  to   space 1024K, 0% used [0x00000000d6080000,0x00000000d6080000,0x00000000d6180000)
 ParOldGen       total 69632K, used 55336K [0x0000000080000000, 0x0000000084400000, 0x00000000d5580000)
  object space 69632K, 79% used [0x0000000080000000,0x000000008360a1a0,0x0000000084400000)
 Metaspace       used 58341K, committed 59904K, reserved 1114112K
  class space    used 6129K, committed 6784K, reserved 1048576K
}
Event: 12261.376 GC heap after
{Heap after GC invocations=97 (full 3):
 PSYoungGen      total 11264K, used 470K [0x00000000d5580000, 0x00000000d6180000, 0x0000000100000000)
  eden space 10240K, 0% used [0x00000000d5580000,0x00000000d5580000,0x00000000d5f80000)
  from space 1024K, 45% used [0x00000000d6080000,0x00000000d60f5960,0x00000000d6180000)
  to   space 1024K, 0% used [0x00000000d5f80000,0x00000000d5f80000,0x00000000d6080000)
 ParOldGen       total 69632K, used 56656K [0x0000000080000000, 0x0000000084400000, 0x00000000d5580000)
  object space 69632K, 81% used [0x0000000080000000,0x0000000083754380,0x0000000084400000)
 Metaspace       used 58341K, committed 59904K, reserved 1114112K
  class space    used 6129K, committed 6784K, reserved 1048576K
}
Event: 12261.434 GC heap before
{Heap before GC invocations=98 (full 3):
 PSYoungGen      total 11264K, used 10710K [0x00000000d5580000, 0x00000000d6180000, 0x0000000100000000)
  eden space 10240K, 100% used [0x00000000d5580000,0x00000000d5f80000,0x00000000d5f80000)
  from space 1024K, 45% used [0x00000000d6080000,0x00000000d60f5960,0x00000000d6180000)
  to   space 1024K, 0% used [0x00000000d5f80000,0x00000000d5f80000,0x00000000d6080000)
 ParOldGen       total 69632K, used 56656K [0x0000000080000000, 0x0000000084400000, 0x00000000d5580000)
  object space 69632K, 81% used [0x0000000080000000,0x0000000083754380,0x0000000084400000)
 Metaspace       used 58341K, committed 59904K, reserved 1114112K
  class space    used 6129K, committed 6784K, reserved 1048576K
}
Event: 12261.438 GC heap after
{Heap after GC invocations=98 (full 3):
 PSYoungGen      total 11264K, used 1023K [0x00000000d5580000, 0x00000000d6480000, 0x0000000100000000)
  eden space 10240K, 0% used [0x00000000d5580000,0x00000000d5580000,0x00000000d5f80000)
  from space 1024K, 99% used [0x00000000d5f80000,0x00000000d607fee8,0x00000000d6080000)
  to   space 2560K, 0% used [0x00000000d6200000,0x00000000d6200000,0x00000000d6480000)
 ParOldGen       total 69632K, used 57470K [0x0000000080000000, 0x0000000084400000, 0x00000000d5580000)
  object space 69632K, 82% used [0x0000000080000000,0x000000008381f868,0x0000000084400000)
 Metaspace       used 58341K, committed 59904K, reserved 1114112K
  class space    used 6129K, committed 6784K, reserved 1048576K
}
Event: 12261.493 GC heap before
{Heap before GC invocations=99 (full 3):
 PSYoungGen      total 11264K, used 11263K [0x00000000d5580000, 0x00000000d6480000, 0x0000000100000000)
  eden space 10240K, 100% used [0x00000000d5580000,0x00000000d5f80000,0x00000000d5f80000)
  from space 1024K, 99% used [0x00000000d5f80000,0x00000000d607fee8,0x00000000d6080000)
  to   space 2560K, 0% used [0x00000000d6200000,0x00000000d6200000,0x00000000d6480000)
 ParOldGen       total 69632K, used 57470K [0x0000000080000000, 0x0000000084400000, 0x00000000d5580000)
  object space 69632K, 82% used [0x0000000080000000,0x000000008381f868,0x0000000084400000)
 Metaspace       used 58344K, committed 59904K, reserved 1114112K
  class space    used 6129K, committed 6784K, reserved 1048576K
}
Event: 12261.501 GC heap after
{Heap after GC invocations=99 (full 3):
 PSYoungGen      total 11264K, used 518K [0x00000000d5580000, 0x00000000d6300000, 0x0000000100000000)
  eden space 10240K, 0% used [0x00000000d5580000,0x00000000d5580000,0x00000000d5f80000)
  from space 1024K, 50% used [0x00000000d6200000,0x00000000d6281a90,0x00000000d6300000)
  to   space 1024K, 0% used [0x00000000d5f80000,0x00000000d5f80000,0x00000000d6080000)
 ParOldGen       total 69632K, used 58502K [0x0000000080000000, 0x0000000084400000, 0x00000000d5580000)
  object space 69632K, 84% used [0x0000000080000000,0x0000000083921838,0x0000000084400000)
 Metaspace       used 58344K, committed 59904K, reserved 1114112K
  class space    used 6129K, committed 6784K, reserved 1048576K
}
Event: 12261.538 GC heap before
{Heap before GC invocations=100 (full 3):
 PSYoungGen      total 11264K, used 10758K [0x00000000d5580000, 0x00000000d6300000, 0x0000000100000000)
  eden space 10240K, 100% used [0x00000000d5580000,0x00000000d5f80000,0x00000000d5f80000)
  from space 1024K, 50% used [0x00000000d6200000,0x00000000d6281a90,0x00000000d6300000)
  to   space 1024K, 0% used [0x00000000d5f80000,0x00000000d5f80000,0x00000000d6080000)
 ParOldGen       total 69632K, used 58502K [0x0000000080000000, 0x0000000084400000, 0x00000000d5580000)
  object space 69632K, 84% used [0x0000000080000000,0x0000000083921838,0x0000000084400000)
 Metaspace       used 58344K, committed 59904K, reserved 1114112K
  class space    used 6129K, committed 6784K, reserved 1048576K
}
Event: 12261.542 GC heap after
{Heap after GC invocations=100 (full 3):
 PSYoungGen      total 11264K, used 597K [0x00000000d5580000, 0x00000000d6280000, 0x0000000100000000)
  eden space 10240K, 0% used [0x00000000d5580000,0x00000000d5580000,0x00000000d5f80000)
  from space 1024K, 58% used [0x00000000d5f80000,0x00000000d60155f0,0x00000000d6080000)
  to   space 1024K, 0% used [0x00000000d6180000,0x00000000d6180000,0x00000000d6280000)
 ParOldGen       total 69632K, used 58997K [0x0000000080000000, 0x0000000084400000, 0x00000000d5580000)
  object space 69632K, 84% used [0x0000000080000000,0x000000008399d560,0x0000000084400000)
 Metaspace       used 58344K, committed 59904K, reserved 1114112K
  class space    used 6129K, committed 6784K, reserved 1048576K
}
Event: 12261.623 GC heap before
{Heap before GC invocations=101 (full 3):
 PSYoungGen      total 11264K, used 10837K [0x00000000d5580000, 0x00000000d6280000, 0x0000000100000000)
  eden space 10240K, 100% used [0x00000000d5580000,0x00000000d5f80000,0x00000000d5f80000)
  from space 1024K, 58% used [0x00000000d5f80000,0x00000000d60155f0,0x00000000d6080000)
  to   space 1024K, 0% used [0x00000000d6180000,0x00000000d6180000,0x00000000d6280000)
 ParOldGen       total 69632K, used 58997K [0x0000000080000000, 0x0000000084400000, 0x00000000d5580000)
  object space 69632K, 84% used [0x0000000080000000,0x000000008399d560,0x0000000084400000)
 Metaspace       used 58476K, committed 60032K, reserved 1114112K
  class space    used 6140K, committed 6784K, reserved 1048576K
}
Event: 12261.627 GC heap after
{Heap after GC invocations=101 (full 3):
 PSYoungGen      total 11264K, used 1010K [0x00000000d5580000, 0x00000000d6380000, 0x0000000100000000)
  eden space 10240K, 0% used [0x00000000d5580000,0x00000000d5580000,0x00000000d5f80000)
  from space 1024K, 98% used [0x00000000d6180000,0x00000000d627c828,0x00000000d6280000)
  to   space 2048K, 0% used [0x00000000d5f80000,0x00000000d5f80000,0x00000000d6180000)
 ParOldGen       total 69632K, used 59592K [0x0000000080000000, 0x0000000084400000, 0x00000000d5580000)
  object space 69632K, 85% used [0x0000000080000000,0x0000000083a32228,0x0000000084400000)
 Metaspace       used 58476K, committed 60032K, reserved 1114112K
  class space    used 6140K, committed 6784K, reserved 1048576K
}
Event: 12261.697 GC heap before
{Heap before GC invocations=102 (full 3):
 PSYoungGen      total 11264K, used 11250K [0x00000000d5580000, 0x00000000d6380000, 0x0000000100000000)
  eden space 10240K, 100% used [0x00000000d5580000,0x00000000d5f80000,0x00000000d5f80000)
  from space 1024K, 98% used [0x00000000d6180000,0x00000000d627c828,0x00000000d6280000)
  to   space 2048K, 0% used [0x00000000d5f80000,0x00000000d5f80000,0x00000000d6180000)
 ParOldGen       total 69632K, used 59592K [0x0000000080000000, 0x0000000084400000, 0x00000000d5580000)
  object space 69632K, 85% used [0x0000000080000000,0x0000000083a32228,0x0000000084400000)
 Metaspace       used 58739K, committed 60224K, reserved 1114112K
  class space    used 6160K, committed 6784K, reserved 1048576K
}
Event: 12261.704 GC heap after
{Heap after GC invocations=102 (full 3):
 PSYoungGen      total 11264K, used 704K [0x00000000d5580000, 0x00000000d6280000, 0x0000000100000000)
  eden space 10240K, 0% used [0x00000000d5580000,0x00000000d5580000,0x00000000d5f80000)
  from space 1024K, 68% used [0x00000000d5f80000,0x00000000d60302f0,0x00000000d6080000)
  to   space 1536K, 0% used [0x00000000d6100000,0x00000000d6100000,0x00000000d6280000)
 ParOldGen       total 69632K, used 60603K [0x0000000080000000, 0x0000000084400000, 0x00000000d5580000)
  object space 69632K, 87% used [0x0000000080000000,0x0000000083b2ef38,0x0000000084400000)
 Metaspace       used 58739K, committed 60224K, reserved 1114112K
  class space    used 6160K, committed 6784K, reserved 1048576K
}
Event: 12262.290 GC heap before
{Heap before GC invocations=103 (full 3):
 PSYoungGen      total 11264K, used 10944K [0x00000000d5580000, 0x00000000d6280000, 0x0000000100000000)
  eden space 10240K, 100% used [0x00000000d5580000,0x00000000d5f80000,0x00000000d5f80000)
  from space 1024K, 68% used [0x00000000d5f80000,0x00000000d60302f0,0x00000000d6080000)
  to   space 1536K, 0% used [0x00000000d6100000,0x00000000d6100000,0x00000000d6280000)
 ParOldGen       total 69632K, used 60603K [0x0000000080000000, 0x0000000084400000, 0x00000000d5580000)
  object space 69632K, 87% used [0x0000000080000000,0x0000000083b2ef38,0x0000000084400000)
 Metaspace       used 59704K, committed 60992K, reserved 1114112K
  class space    used 6294K, committed 6848K, reserved 1048576K
}
Event: 12262.293 GC heap after
{Heap after GC invocations=103 (full 3):
 PSYoungGen      total 11776K, used 1224K [0x00000000d5580000, 0x00000000d6280000, 0x0000000100000000)
  eden space 10240K, 0% used [0x00000000d5580000,0x00000000d5580000,0x00000000d5f80000)
  from space 1536K, 79% used [0x00000000d6100000,0x00000000d6232148,0x00000000d6280000)
  to   space 1536K, 0% used [0x00000000d5f80000,0x00000000d5f80000,0x00000000d6100000)
 ParOldGen       total 69632K, used 61171K [0x0000000080000000, 0x0000000084400000, 0x00000000d5580000)
  object space 69632K, 87% used [0x0000000080000000,0x0000000083bbcf38,0x0000000084400000)
 Metaspace       used 59704K, committed 60992K, reserved 1114112K
  class space    used 6294K, committed 6848K, reserved 1048576K
}

